<?xml version="1.0" encoding="UTF-8"?>
<!-- Generated by org.testng.reporters.JUnitXMLReporter -->
<testsuite ignored="0" hostname="LAPTOP-O5QB53EQ" failures="0" tests="3" name="Test" time="5.583" errors="0" timestamp="2022-06-09T09:59:44 IST">
  <testcase classname="test.VerifyPostMethod" name="TestCreateMethod" time="2.748"/>
  <testcase classname="test.VerifyPutMethod" name="TestPutMethod" time="1.437"/>
  <testcase classname="test.VerifyPatchMethod" name="TestPatchMethod" time="1.368"/>
</testsuite> <!-- Test -->
