<?xml version="1.0" encoding="UTF-8"?>
<testng-results ignored="0" total="1" passed="1" failed="0" skipped="0">
  <reporter-output>
  </reporter-output>
  <suite started-at="2022-06-18T14:11:26 IST" name="Default suite" finished-at="2022-06-18T14:11:31 IST" duration-ms="4614">
    <groups>
    </groups>
    <test started-at="2022-06-18T14:11:26 IST" name="Default test" finished-at="2022-06-18T14:11:31 IST" duration-ms="4614">
      <class name="test.ActiGet">
        <test-method signature="TestgetMethod()[pri:0, instance:test.ActiGet@671a5887]" started-at="2022-06-18T14:11:26 IST" name="TestgetMethod" finished-at="2022-06-18T14:11:31 IST" duration-ms="4587" status="PASS">
          <reporter-output>
          </reporter-output>
        </test-method> <!-- TestgetMethod -->
      </class> <!-- test.ActiGet -->
    </test> <!-- Default test -->
  </suite> <!-- Default suite -->
</testng-results>
